<?xml version="1.0" encoding="UTF-8"?>
<testsuite name="space.harbour.hw10.MongoExecutorTest" tests="2" skipped="0" failures="0" errors="0" timestamp="2020-11-20T14:58:23" hostname="LT" time="2.101">
  <properties/>
  <testcase name="testExecRemoveMovie" classname="space.harbour.hw10.MongoExecutorTest" time="1.339"/>
  <testcase name="testExecFindOne" classname="space.harbour.hw10.MongoExecutorTest" time="0.754"/>
  <system-out><![CDATA[Succesfully stored movie
Succesfully deleted movie
Succesfully stored movie
]]></system-out>
  <system-err><![CDATA[Nov 20, 2020 3:58:23 PM com.mongodb.diagnostics.logging.JULLogger log
INFO: Cluster created with settings {hosts=[127.0.0.1:27017], srvHost=cluster0.ygemx.mongodb.net, mode=MULTIPLE, requiredClusterType=REPLICA_SET, serverSelectionTimeout='30000 ms', maxWaitQueueSize=500, requiredReplicaSetName='atlas-cv7g23-shard-0'}
Nov 20, 2020 3:58:23 PM com.mongodb.diagnostics.logging.JULLogger log
INFO: Cluster description not yet available. Waiting for 30000 ms before timing out
Nov 20, 2020 3:58:23 PM com.mongodb.diagnostics.logging.JULLogger log
INFO: Adding discovered server cluster0-shard-00-02.ygemx.mongodb.net:27017 to client view of cluster
Nov 20, 2020 3:58:23 PM com.mongodb.diagnostics.logging.JULLogger log
INFO: Adding discovered server cluster0-shard-00-01.ygemx.mongodb.net:27017 to client view of cluster
Nov 20, 2020 3:58:23 PM com.mongodb.diagnostics.logging.JULLogger log
INFO: Adding discovered server cluster0-shard-00-00.ygemx.mongodb.net:27017 to client view of cluster
Nov 20, 2020 3:58:23 PM com.mongodb.diagnostics.logging.JULLogger log
INFO: No server chosen by com.mongodb.client.internal.MongoClientDelegate$1@bddbc26 from cluster description ClusterDescription{type=REPLICA_SET, connectionMode=MULTIPLE, serverDescriptions=[ServerDescription{address=cluster0-shard-00-01.ygemx.mongodb.net:27017, type=UNKNOWN, state=CONNECTING}, ServerDescription{address=cluster0-shard-00-00.ygemx.mongodb.net:27017, type=UNKNOWN, state=CONNECTING}, ServerDescription{address=cluster0-shard-00-02.ygemx.mongodb.net:27017, type=UNKNOWN, state=CONNECTING}]}. Waiting for 30000 ms before timing out
Nov 20, 2020 3:58:24 PM com.mongodb.diagnostics.logging.JULLogger log
INFO: Opened connection [connectionId{localValue:1, serverValue:10933}] to cluster0-shard-00-02.ygemx.mongodb.net:27017
Nov 20, 2020 3:58:24 PM com.mongodb.diagnostics.logging.JULLogger log
INFO: Opened connection [connectionId{localValue:3, serverValue:11841}] to cluster0-shard-00-00.ygemx.mongodb.net:27017
Nov 20, 2020 3:58:24 PM com.mongodb.diagnostics.logging.JULLogger log
INFO: Opened connection [connectionId{localValue:2, serverValue:13212}] to cluster0-shard-00-01.ygemx.mongodb.net:27017
Nov 20, 2020 3:58:24 PM com.mongodb.diagnostics.logging.JULLogger log
INFO: Monitor thread successfully connected to server with description ServerDescription{address=cluster0-shard-00-00.ygemx.mongodb.net:27017, type=REPLICA_SET_SECONDARY, state=CONNECTED, ok=true, version=ServerVersion{versionList=[4, 2, 10]}, minWireVersion=0, maxWireVersion=8, maxDocumentSize=16777216, logicalSessionTimeoutMinutes=30, roundTripTimeNanos=41705194, setName='atlas-cv7g23-shard-0', canonicalAddress=cluster0-shard-00-00.ygemx.mongodb.net:27017, hosts=[cluster0-shard-00-02.ygemx.mongodb.net:27017, cluster0-shard-00-01.ygemx.mongodb.net:27017, cluster0-shard-00-00.ygemx.mongodb.net:27017], passives=[], arbiters=[], primary='cluster0-shard-00-01.ygemx.mongodb.net:27017', tagSet=TagSet{[Tag{name='nodeType', value='ELECTABLE'}, Tag{name='provider', value='AWS'}, Tag{name='region', value='EU_CENTRAL_1'}, Tag{name='workloadType', value='OPERATIONAL'}]}, electionId=null, setVersion=1, lastWriteDate=Fri Nov 20 15:58:23 CET 2020, lastUpdateTimeNanos=45234030082408}
Nov 20, 2020 3:58:24 PM com.mongodb.diagnostics.logging.JULLogger log
INFO: Monitor thread successfully connected to server with description ServerDescription{address=cluster0-shard-00-02.ygemx.mongodb.net:27017, type=REPLICA_SET_SECONDARY, state=CONNECTED, ok=true, version=ServerVersion{versionList=[4, 2, 10]}, minWireVersion=0, maxWireVersion=8, maxDocumentSize=16777216, logicalSessionTimeoutMinutes=30, roundTripTimeNanos=45924807, setName='atlas-cv7g23-shard-0', canonicalAddress=cluster0-shard-00-02.ygemx.mongodb.net:27017, hosts=[cluster0-shard-00-02.ygemx.mongodb.net:27017, cluster0-shard-00-01.ygemx.mongodb.net:27017, cluster0-shard-00-00.ygemx.mongodb.net:27017], passives=[], arbiters=[], primary='cluster0-shard-00-01.ygemx.mongodb.net:27017', tagSet=TagSet{[Tag{name='nodeType', value='ELECTABLE'}, Tag{name='provider', value='AWS'}, Tag{name='region', value='EU_CENTRAL_1'}, Tag{name='workloadType', value='OPERATIONAL'}]}, electionId=null, setVersion=1, lastWriteDate=Fri Nov 20 15:58:23 CET 2020, lastUpdateTimeNanos=45234033201465}
Nov 20, 2020 3:58:24 PM com.mongodb.diagnostics.logging.JULLogger log
INFO: Monitor thread successfully connected to server with description ServerDescription{address=cluster0-shard-00-01.ygemx.mongodb.net:27017, type=REPLICA_SET_PRIMARY, state=CONNECTED, ok=true, version=ServerVersion{versionList=[4, 2, 10]}, minWireVersion=0, maxWireVersion=8, maxDocumentSize=16777216, logicalSessionTimeoutMinutes=30, roundTripTimeNanos=44314746, setName='atlas-cv7g23-shard-0', canonicalAddress=cluster0-shard-00-01.ygemx.mongodb.net:27017, hosts=[cluster0-shard-00-02.ygemx.mongodb.net:27017, cluster0-shard-00-01.ygemx.mongodb.net:27017, cluster0-shard-00-00.ygemx.mongodb.net:27017], passives=[], arbiters=[], primary='cluster0-shard-00-01.ygemx.mongodb.net:27017', tagSet=TagSet{[Tag{name='nodeType', value='ELECTABLE'}, Tag{name='provider', value='AWS'}, Tag{name='region', value='EU_CENTRAL_1'}, Tag{name='workloadType', value='OPERATIONAL'}]}, electionId=7fffffff0000000000000002, setVersion=1, lastWriteDate=Fri Nov 20 15:58:23 CET 2020, lastUpdateTimeNanos=45234033198564}
Nov 20, 2020 3:58:24 PM com.mongodb.diagnostics.logging.JULLogger log
INFO: Setting max election id to 7fffffff0000000000000002 from replica set primary cluster0-shard-00-01.ygemx.mongodb.net:27017
Nov 20, 2020 3:58:24 PM com.mongodb.diagnostics.logging.JULLogger log
INFO: Setting max set version to 1 from replica set primary cluster0-shard-00-01.ygemx.mongodb.net:27017
Nov 20, 2020 3:58:24 PM com.mongodb.diagnostics.logging.JULLogger log
INFO: Discovered replica set primary cluster0-shard-00-01.ygemx.mongodb.net:27017
Nov 20, 2020 3:58:24 PM com.mongodb.diagnostics.logging.JULLogger log
INFO: Opened connection [connectionId{localValue:4, serverValue:13212}] to cluster0-shard-00-01.ygemx.mongodb.net:27017
Nov 20, 2020 3:58:24 PM com.mongodb.diagnostics.logging.JULLogger log
INFO: Cluster created with settings {hosts=[127.0.0.1:27017], srvHost=cluster0.ygemx.mongodb.net, mode=MULTIPLE, requiredClusterType=REPLICA_SET, serverSelectionTimeout='30000 ms', maxWaitQueueSize=500, requiredReplicaSetName='atlas-cv7g23-shard-0'}
Nov 20, 2020 3:58:24 PM com.mongodb.diagnostics.logging.JULLogger log
INFO: Cluster description not yet available. Waiting for 30000 ms before timing out
Nov 20, 2020 3:58:24 PM com.mongodb.diagnostics.logging.JULLogger log
INFO: Adding discovered server cluster0-shard-00-02.ygemx.mongodb.net:27017 to client view of cluster
Nov 20, 2020 3:58:24 PM com.mongodb.diagnostics.logging.JULLogger log
INFO: Adding discovered server cluster0-shard-00-01.ygemx.mongodb.net:27017 to client view of cluster
Nov 20, 2020 3:58:24 PM com.mongodb.diagnostics.logging.JULLogger log
INFO: Adding discovered server cluster0-shard-00-00.ygemx.mongodb.net:27017 to client view of cluster
Nov 20, 2020 3:58:24 PM com.mongodb.diagnostics.logging.JULLogger log
INFO: No server chosen by com.mongodb.client.internal.MongoClientDelegate$1@24739827 from cluster description ClusterDescription{type=REPLICA_SET, connectionMode=MULTIPLE, serverDescriptions=[ServerDescription{address=cluster0-shard-00-01.ygemx.mongodb.net:27017, type=UNKNOWN, state=CONNECTING}, ServerDescription{address=cluster0-shard-00-00.ygemx.mongodb.net:27017, type=UNKNOWN, state=CONNECTING}, ServerDescription{address=cluster0-shard-00-02.ygemx.mongodb.net:27017, type=UNKNOWN, state=CONNECTING}]}. Waiting for 30000 ms before timing out
Nov 20, 2020 3:58:24 PM com.mongodb.diagnostics.logging.JULLogger log
INFO: Opened connection [connectionId{localValue:5, serverValue:10933}] to cluster0-shard-00-02.ygemx.mongodb.net:27017
Nov 20, 2020 3:58:24 PM com.mongodb.diagnostics.logging.JULLogger log
INFO: Opened connection [connectionId{localValue:7, serverValue:11841}] to cluster0-shard-00-00.ygemx.mongodb.net:27017
Nov 20, 2020 3:58:24 PM com.mongodb.diagnostics.logging.JULLogger log
INFO: Opened connection [connectionId{localValue:6, serverValue:13212}] to cluster0-shard-00-01.ygemx.mongodb.net:27017
Nov 20, 2020 3:58:25 PM com.mongodb.diagnostics.logging.JULLogger log
INFO: Monitor thread successfully connected to server with description ServerDescription{address=cluster0-shard-00-00.ygemx.mongodb.net:27017, type=REPLICA_SET_SECONDARY, state=CONNECTED, ok=true, version=ServerVersion{versionList=[4, 2, 10]}, minWireVersion=0, maxWireVersion=8, maxDocumentSize=16777216, logicalSessionTimeoutMinutes=30, roundTripTimeNanos=41117481, setName='atlas-cv7g23-shard-0', canonicalAddress=cluster0-shard-00-00.ygemx.mongodb.net:27017, hosts=[cluster0-shard-00-02.ygemx.mongodb.net:27017, cluster0-shard-00-01.ygemx.mongodb.net:27017, cluster0-shard-00-00.ygemx.mongodb.net:27017], passives=[], arbiters=[], primary='cluster0-shard-00-01.ygemx.mongodb.net:27017', tagSet=TagSet{[Tag{name='nodeType', value='ELECTABLE'}, Tag{name='provider', value='AWS'}, Tag{name='region', value='EU_CENTRAL_1'}, Tag{name='workloadType', value='OPERATIONAL'}]}, electionId=null, setVersion=1, lastWriteDate=Fri Nov 20 15:58:24 CET 2020, lastUpdateTimeNanos=45234814675595}
Nov 20, 2020 3:58:25 PM com.mongodb.diagnostics.logging.JULLogger log
INFO: Monitor thread successfully connected to server with description ServerDescription{address=cluster0-shard-00-02.ygemx.mongodb.net:27017, type=REPLICA_SET_SECONDARY, state=CONNECTED, ok=true, version=ServerVersion{versionList=[4, 2, 10]}, minWireVersion=0, maxWireVersion=8, maxDocumentSize=16777216, logicalSessionTimeoutMinutes=30, roundTripTimeNanos=42913077, setName='atlas-cv7g23-shard-0', canonicalAddress=cluster0-shard-00-02.ygemx.mongodb.net:27017, hosts=[cluster0-shard-00-02.ygemx.mongodb.net:27017, cluster0-shard-00-01.ygemx.mongodb.net:27017, cluster0-shard-00-00.ygemx.mongodb.net:27017], passives=[], arbiters=[], primary='cluster0-shard-00-01.ygemx.mongodb.net:27017', tagSet=TagSet{[Tag{name='nodeType', value='ELECTABLE'}, Tag{name='provider', value='AWS'}, Tag{name='region', value='EU_CENTRAL_1'}, Tag{name='workloadType', value='OPERATIONAL'}]}, electionId=null, setVersion=1, lastWriteDate=Fri Nov 20 15:58:24 CET 2020, lastUpdateTimeNanos=45234814675541}
Nov 20, 2020 3:58:25 PM com.mongodb.diagnostics.logging.JULLogger log
INFO: No server chosen by WritableServerSelector from cluster description ClusterDescription{type=REPLICA_SET, connectionMode=MULTIPLE, serverDescriptions=[ServerDescription{address=cluster0-shard-00-01.ygemx.mongodb.net:27017, type=UNKNOWN, state=CONNECTING}, ServerDescription{address=cluster0-shard-00-00.ygemx.mongodb.net:27017, type=REPLICA_SET_SECONDARY, state=CONNECTED, ok=true, version=ServerVersion{versionList=[4, 2, 10]}, minWireVersion=0, maxWireVersion=8, maxDocumentSize=16777216, logicalSessionTimeoutMinutes=30, roundTripTimeNanos=41117481, setName='atlas-cv7g23-shard-0', canonicalAddress=cluster0-shard-00-00.ygemx.mongodb.net:27017, hosts=[cluster0-shard-00-02.ygemx.mongodb.net:27017, cluster0-shard-00-01.ygemx.mongodb.net:27017, cluster0-shard-00-00.ygemx.mongodb.net:27017], passives=[], arbiters=[], primary='cluster0-shard-00-01.ygemx.mongodb.net:27017', tagSet=TagSet{[Tag{name='nodeType', value='ELECTABLE'}, Tag{name='provider', value='AWS'}, Tag{name='region', value='EU_CENTRAL_1'}, Tag{name='workloadType', value='OPERATIONAL'}]}, electionId=null, setVersion=1, lastWriteDate=Fri Nov 20 15:58:24 CET 2020, lastUpdateTimeNanos=45234814675595}, ServerDescription{address=cluster0-shard-00-02.ygemx.mongodb.net:27017, type=UNKNOWN, state=CONNECTING}]}. Waiting for 30000 ms before timing out
Nov 20, 2020 3:58:25 PM com.mongodb.diagnostics.logging.JULLogger log
INFO: Monitor thread successfully connected to server with description ServerDescription{address=cluster0-shard-00-01.ygemx.mongodb.net:27017, type=REPLICA_SET_PRIMARY, state=CONNECTED, ok=true, version=ServerVersion{versionList=[4, 2, 10]}, minWireVersion=0, maxWireVersion=8, maxDocumentSize=16777216, logicalSessionTimeoutMinutes=30, roundTripTimeNanos=61512173, setName='atlas-cv7g23-shard-0', canonicalAddress=cluster0-shard-00-01.ygemx.mongodb.net:27017, hosts=[cluster0-shard-00-02.ygemx.mongodb.net:27017, cluster0-shard-00-01.ygemx.mongodb.net:27017, cluster0-shard-00-00.ygemx.mongodb.net:27017], passives=[], arbiters=[], primary='cluster0-shard-00-01.ygemx.mongodb.net:27017', tagSet=TagSet{[Tag{name='nodeType', value='ELECTABLE'}, Tag{name='provider', value='AWS'}, Tag{name='region', value='EU_CENTRAL_1'}, Tag{name='workloadType', value='OPERATIONAL'}]}, electionId=7fffffff0000000000000002, setVersion=1, lastWriteDate=Fri Nov 20 15:58:24 CET 2020, lastUpdateTimeNanos=45234837445733}
Nov 20, 2020 3:58:25 PM com.mongodb.diagnostics.logging.JULLogger log
INFO: Setting max election id to 7fffffff0000000000000002 from replica set primary cluster0-shard-00-01.ygemx.mongodb.net:27017
Nov 20, 2020 3:58:25 PM com.mongodb.diagnostics.logging.JULLogger log
INFO: Setting max set version to 1 from replica set primary cluster0-shard-00-01.ygemx.mongodb.net:27017
Nov 20, 2020 3:58:25 PM com.mongodb.diagnostics.logging.JULLogger log
INFO: Discovered replica set primary cluster0-shard-00-01.ygemx.mongodb.net:27017
Nov 20, 2020 3:58:25 PM com.mongodb.diagnostics.logging.JULLogger log
INFO: Opened connection [connectionId{localValue:8, serverValue:13212}] to cluster0-shard-00-01.ygemx.mongodb.net:27017
]]></system-err>
</testsuite>
