<?xml version="1.0" encoding="UTF-8"?>
<testsuite name="space.harbour.hw7.MovieTest" tests="6" skipped="0" failures="0" errors="0" timestamp="2020-11-18T16:51:17" hostname="LT" time="0.017">
  <properties/>
  <testcase name="setFilteredByDirectors" classname="space.harbour.hw7.MovieTest" time="0.004"/>
  <testcase name="setFilteredByActor" classname="space.harbour.hw7.MovieTest" time="0.003"/>
  <testcase name="setFilteredByGenre" classname="space.harbour.hw7.MovieTest" time="0.001"/>
  <testcase name="sortByYear" classname="space.harbour.hw7.MovieTest" time="0.003"/>
  <testcase name="sortByLength" classname="space.harbour.hw7.MovieTest" time="0.001"/>
  <testcase name="sortByRating" classname="space.harbour.hw7.MovieTest" time="0.003"/>
  <system-out><![CDATA[]]></system-out>
  <system-err><![CDATA[]]></system-err>
</testsuite>
