<?xml version="1.0" encoding="UTF-8"?>
<testsuite name="space.harbour.hw8.AtmDispenserTest" tests="4" skipped="0" failures="0" errors="0" timestamp="2020-11-19T18:46:54" hostname="LT" time="0.011">
  <properties/>
  <testcase name="testBalance2" classname="space.harbour.hw8.AtmDispenserTest" time="0.008"/>
  <testcase name="testBalance" classname="space.harbour.hw8.AtmDispenserTest" time="0.001"/>
  <testcase name="testGiveMeMoney" classname="space.harbour.hw8.AtmDispenserTest" time="0.001"/>
  <testcase name="testGiveMeMoney2" classname="space.harbour.hw8.AtmDispenserTest" time="0.001"/>
  <system-out><![CDATA[Successful transaction!
Bills distribution :{50=2, 20=5}

Successful transaction!
Bills distribution :{5=1}

Sorry not enough money for this!

Sorry not enough money for this!

Sorry not enough money for this!

]]></system-out>
  <system-err><![CDATA[]]></system-err>
</testsuite>
